app/build/outputs/logs/manifest-merger-opensource-debug-report.txt
-- Merging decision tree log ---
manifest
ADDED from src\main\AndroidManifest.xml:2:1-119:12
INJECTED from src\main\AndroidManifest.xml:2:1-119:12
INJECTED from src\main\AndroidManifest.xml:2:1-119:12
INJECTED from src\main\AndroidManifest.xml:2:1-119:12
MERGED from [:core] AndroidManifest.xml:2:1-11:12
MERGED from [:data] AndroidManifest.xml:2:1-9:12
MERGED from [:common] AndroidManifest.xml:2:1-11:12
MERGED from [:covercolorextractor] AndroidManifest.xml:2:1-9:12
MERGED from [com.afollestad.material-dialogs:core:0.9.6.0] AndroidManifest.xml:2:1-15:12
MERGED from [com.afollestad:material-cab:0.1.12] AndroidManifest.xml:2:1-14:12
MERGED from [com.google.dagger:dagger-android-support:2.16] AndroidManifest.xml:17:1-22:12
MERGED from [com.getkeepsafe.taptargetview:taptargetview:1.12.0] AndroidManifest.xml:2:1-8:12
MERGED from [me.zhanghai.android.materialprogressbar:library:1.4.2] AndroidManifest.xml:6:1-16:12
MERGED from [com.google.android.material:material:1.0.0-rc01] AndroidManifest.xml:17:1-24:12
MERGED from [androidx.mediarouter:mediarouter:1.0.0-alpha5] AndroidManifest.xml:17:1-22:12
MERGED from [androidx.appcompat:appcompat:1.0.0-rc01] AndroidManifest.xml:17:1-22:12
MERGED from [androidx.recyclerview:recyclerview:1.0.0-rc01] AndroidManifest.xml:17:1-22:12
MERGED from [androidx.transition:transition:1.0.0-rc01] AndroidManifest.xml:17:1-22:12
MERGED from [androidx.constraintlayout:constraintlayout:1.1.2] AndroidManifest.xml:2:1-11:12
MERGED from [com.bluelinelabs:conductor-support:2.1.5] AndroidManifest.xml:2:1-13:12
MERGED from [com.google.android.gms:play-services-ads:17.1.1] AndroidManifest.xml:17:1-25:12
MERGED from [com.google.android.gms:play-services-ads-identifier:16.0.0] AndroidManifest.xml:17:1-24:12
MERGED from [com.google.android.gms:play-services-ads-lite:17.1.1] AndroidManifest.xml:17:1-42:12
MERGED from [com.google.android.gms:play-services-gass:17.1.1] AndroidManifest.xml:2:1-9:12
MERGED from [com.google.android.gms:play-services-measurement-sdk-api:16.0.3] AndroidManifest.xml:17:1-30:12
MERGED from [com.google.android.gms:play-services-measurement-base:16.0.4] AndroidManifest.xml:2:1-9:12
MERGED from [com.google.android.gms:play-services-basement:16.0.1] AndroidManifest.xml:17:1-28:12
MERGED from [androidx.legacy:legacy-support-v4:1.0.0-rc01] AndroidManifest.xml:17:1-22:12
MERGED from [androidx.media2:media2:1.0.0-alpha02] AndroidManifest.xml:17:1-22:12
MERGED from [androidx.media:media:1.0.0-rc01] AndroidManifest.xml:17:1-22:12
MERGED from [androidx.fragment:fragment:1.0.0-rc01] AndroidManifest.xml:17:1-22:12
MERGED from [com.squareup.picasso:picasso:2.71828] AndroidManifest.xml:2:1-14:12
MERGED from [com.getbase:floatingactionbutton:1.10.1] AndroidManifest.xml:2:1-14:12
MERGED from [com.google.dagger:dagger-android:2.16] AndroidManifest.xml:17:1-22:12
MERGED from [androidx.core:core-ktx:1.0.0-rc01] AndroidManifest.xml:2:1-7:12
MERGED from [com.bluelinelabs:conductor-rxlifecycle2:2.1.5] AndroidManifest.xml:2:1-13:12
MERGED from [com.trello.rxlifecycle2:rxlifecycle-android:2.2.1] AndroidManifest.xml:13:1-19:12
MERGED from [io.reactivex.rxjava2:rxandroid:2.1.0] AndroidManifest.xml:15:1-20:12
MERGED from [com.f2prateek.rx.preferences2:rx-preferences:2.0.0] AndroidManifest.xml:2:1-10:12
MERGED from [androidx.room:room-rxjava2:2.0.0-rc01] AndroidManifest.xml:17:1-22:12
MERGED from [com.jakewharton.timber:timber:4.7.1] AndroidManifest.xml:2:1-9:12
MERGED from [com.github.PaulWoitaschek.ExoPlayer-Extensions:flac:2.7.0-1] AndroidManifest.xml:17:1-27:12
MERGED from [com.github.PaulWoitaschek.ExoPlayer-Extensions:opus:2.7.0-1] AndroidManifest.xml:17:1-27:12
MERGED from [com.google.android.exoplayer:exoplayer-core:2.8.4] AndroidManifest.xml:17:1-26:12
MERGED from [com.bluelinelabs:conductor:2.1.5] AndroidManifest.xml:2:1-13:12
MERGED from [androidx.room:room-runtime:2.0.0-rc01] AndroidManifest.xml:17:1-22:12
MERGED from [androidx.palette:palette:1.0.0-rc01] AndroidManifest.xml:17:1-22:12
MERGED from [androidx.vectordrawable:vectordrawable-animated:1.0.0-rc01] AndroidManifest.xml:17:1-22:12
MERGED from [androidx.browser:browser:1.0.0-rc01] AndroidManifest.xml:17:1-22:12
MERGED from [androidx.legacy:legacy-support-core-ui:1.0.0-rc01] AndroidManifest.xml:17:1-22:12
MERGED from [androidx.legacy:legacy-support-core-utils:1.0.0-rc01] AndroidManifest.xml:17:1-22:12
MERGED from [androidx.vectordrawable:vectordrawable:1.0.0-rc01] AndroidManifest.xml:17:1-22:12
MERGED from [androidx.loader:loader:1.0.0-rc01] AndroidManifest.xml:17:1-22:12
MERGED from [androidx.viewpager:viewpager:1.0.0-rc01] AndroidManifest.xml:17:1-22:12
MERGED from [androidx.coordinatorlayout:coordinatorlayout:1.0.0-rc01] AndroidManifest.xml:17:1-22:12
MERGED from [androidx.drawerlayout:drawerlayout:1.0.0-rc01] AndroidManifest.xml:17:1-22:12
MERGED from [androidx.slidingpanelayout:slidingpanelayout:1.0.0-rc01] AndroidManifest.xml:17:1-22:12
MERGED from [androidx.customview:customview:1.0.0-rc01] AndroidManifest.xml:17:1-22:12
MERGED from [androidx.swiperefreshlayout:swiperefreshlayout:1.0.0-rc01] AndroidManifest.xml:17:1-22:12
MERGED from [androidx.asynclayoutinflater:asynclayoutinflater:1.0.0-rc01] AndroidManifest.xml:17:1-22:12
MERGED from [androidx.core:core:1.0.0-rc01] AndroidManifest.xml:17:1-24:12
MERGED from [androidx.versionedparcelable:versionedparcelable:1.0.0-rc01] AndroidManifest.xml:17:1-25:12
MERGED from [androidx.cursoradapter:cursoradapter:1.0.0-rc01] AndroidManifest.xml:17:1-22:12
MERGED from [androidx.cardview:cardview:1.0.0-rc01] AndroidManifest.xml:17:1-22:12
MERGED from [androidx.exifinterface:exifinterface:1.0.0-rc01] AndroidManifest.xml:17:1-22:12
MERGED from [androidx.sqlite:sqlite-framework:2.0.0-rc01] AndroidManifest.xml:17:1-22:12
MERGED from [androidx.sqlite:sqlite:2.0.0-rc01] AndroidManifest.xml:17:1-22:12
MERGED from [androidx.lifecycle:lifecycle-livedata-core:2.0.0-rc01] AndroidManifest.xml:17:1-22:12
MERGED from [androidx.arch.core:core-runtime:2.0.0-rc01] AndroidManifest.xml:17:1-22:12
MERGED from [androidx.documentfile:documentfile:1.0.0-rc01] AndroidManifest.xml:17:1-22:12
MERGED from [androidx.localbroadcastmanager:localbroadcastmanager:1.0.0-rc01] AndroidManifest.xml:17:1-22:12
MERGED from [androidx.print:print:1.0.0-rc01] AndroidManifest.xml:17:1-22:12
MERGED from [androidx.interpolator:interpolator:1.0.0-rc01] AndroidManifest.xml:17:1-22:12
MERGED from [androidx.lifecycle:lifecycle-runtime:2.0.0-rc01] AndroidManifest.xml:17:1-22:12
MERGED from [androidx.lifecycle:lifecycle-viewmodel:2.0.0-rc01] AndroidManifest.xml:17:1-22:12
MERGED from [com.google.android.gms:play-services-ads-base:17.1.1] AndroidManifest.xml:2:1-9:12
INJECTED from src\main\AndroidManifest.xml:2:1-119:12
INJECTED from src\main\AndroidManifest.xml:2:1-119:12
INJECTED from src\main\AndroidManifest.xml:2:1-119:12
	package
		ADDED from src\main\AndroidManifest.xml:4:5-32
		INJECTED from src\main\AndroidManifest.xml
		INJECTED from src\main\AndroidManifest.xml
	android:versionName
		INJECTED from src\main\AndroidManifest.xml
		ADDED from src\main\AndroidManifest.xml:2:1-119:12
		INJECTED from src\main\AndroidManifest.xml
	xmlns:tools
		ADDED from src\main\AndroidManifest.xml:3:5-51
	android:versionCode
		INJECTED from src\main\AndroidManifest.xml
		ADDED from src\main\AndroidManifest.xml:2:1-119:12
		INJECTED from src\main\AndroidManifest.xml
	xmlns:android
		ADDED from src\main\AndroidManifest.xml:2:11-69
uses-permission#android.permission.READ_EXTERNAL_STORAGE
ADDED from src\main\AndroidManifest.xml:6:5-80
	android:name
		ADDED from src\main\AndroidManifest.xml:6:22-77
uses-permission#android.permission.WRITE_EXTERNAL_STORAGE
ADDED from src\main\AndroidManifest.xml:7:5-81
	android:name
		ADDED from src\main\AndroidManifest.xml:7:22-78
uses-permission#android.permission.WAKE_LOCK
ADDED from src\main\AndroidManifest.xml:8:5-68
MERGED from [com.google.android.gms:play-services-measurement-sdk-api:16.0.3] AndroidManifest.xml:25:5-68
MERGED from [com.google.android.gms:play-services-measurement-sdk-api:16.0.3] AndroidManifest.xml:25:5-68
	android:name
		ADDED from src\main\AndroidManifest.xml:8:22-65
uses-permission#android.permission.INTERNET
ADDED from src\main\AndroidManifest.xml:9:5-67
MERGED from [com.google.android.gms:play-services-ads-lite:17.1.1] AndroidManifest.xml:23:5-67
MERGED from [com.google.android.gms:play-services-ads-lite:17.1.1] AndroidManifest.xml:23:5-67
MERGED from [com.google.android.gms:play-services-measurement-sdk-api:16.0.3] AndroidManifest.xml:23:5-67
MERGED from [com.google.android.gms:play-services-measurement-sdk-api:16.0.3] AndroidManifest.xml:23:5-67
	android:name
		ADDED from src\main\AndroidManifest.xml:9:22-64
uses-permission#android.permission.ACCESS_NETWORK_STATE
ADDED from src\main\AndroidManifest.xml:10:5-79
MERGED from [com.google.android.gms:play-services-ads-lite:17.1.1] AndroidManifest.xml:24:5-79
MERGED from [com.google.android.gms:play-services-ads-lite:17.1.1] AndroidManifest.xml:24:5-79
MERGED from [com.google.android.gms:play-services-measurement-sdk-api:16.0.3] AndroidManifest.xml:24:5-79
MERGED from [com.google.android.gms:play-services-measurement-sdk-api:16.0.3] AndroidManifest.xml:24:5-79
MERGED from [com.google.android.exoplayer:exoplayer-core:2.8.4] AndroidManifest.xml:24:5-79
MERGED from [com.google.android.exoplayer:exoplayer-core:2.8.4] AndroidManifest.xml:24:5-79
	android:name
		ADDED from src\main\AndroidManifest.xml:10:22-76
application
ADDED from src\main\AndroidManifest.xml:12:5-117:19
MERGED from [:core] AndroidManifest.xml:9:5-20
MERGED from [:core] AndroidManifest.xml:9:5-20
MERGED from [:common] AndroidManifest.xml:9:5-20
MERGED from [:common] AndroidManifest.xml:9:5-20
MERGED from [com.afollestad.material-dialogs:core:0.9.6.0] AndroidManifest.xml:13:5-20
MERGED from [com.afollestad.material-dialogs:core:0.9.6.0] AndroidManifest.xml:13:5-20
MERGED from [com.afollestad:material-cab:0.1.12] AndroidManifest.xml:12:5-20
MERGED from [com.afollestad:material-cab:0.1.12] AndroidManifest.xml:12:5-20
MERGED from [com.google.android.material:material:1.0.0-rc01] AndroidManifest.xml:22:5-20
MERGED from [com.google.android.material:material:1.0.0-rc01] AndroidManifest.xml:22:5-20
MERGED from [androidx.constraintlayout:constraintlayout:1.1.2] AndroidManifest.xml:9:5-20
MERGED from [androidx.constraintlayout:constraintlayout:1.1.2] AndroidManifest.xml:9:5-20
MERGED from [com.bluelinelabs:conductor-support:2.1.5] AndroidManifest.xml:11:5-20
MERGED from [com.bluelinelabs:conductor-support:2.1.5] AndroidManifest.xml:11:5-20
MERGED from [com.google.android.gms:play-services-ads-identifier:16.0.0] AndroidManifest.xml:22:5-20
MERGED from [com.google.android.gms:play-services-ads-identifier:16.0.0] AndroidManifest.xml:22:5-20
MERGED from [com.google.android.gms:play-services-ads-lite:17.1.1] AndroidManifest.xml:26:5-40:19
MERGED from [com.google.android.gms:play-services-ads-lite:17.1.1] AndroidManifest.xml:26:5-40:19
MERGED from [com.google.android.gms:play-services-gass:17.1.1] AndroidManifest.xml:7:5-20
MERGED from [com.google.android.gms:play-services-gass:17.1.1] AndroidManifest.xml:7:5-20
MERGED from [com.google.android.gms:play-services-measurement-sdk-api:16.0.3] AndroidManifest.xml:27:5-28:19
MERGED from [com.google.android.gms:play-services-measurement-sdk-api:16.0.3] AndroidManifest.xml:27:5-28:19
MERGED from [com.google.android.gms:play-services-measurement-base:16.0.4] AndroidManifest.xml:7:5-20
MERGED from [com.google.android.gms:play-services-measurement-base:16.0.4] AndroidManifest.xml:7:5-20
MERGED from [com.google.android.gms:play-services-basement:16.0.1] AndroidManifest.xml:22:5-26:19
MERGED from [com.google.android.gms:play-services-basement:16.0.1] AndroidManifest.xml:22:5-26:19
MERGED from [com.squareup.picasso:picasso:2.71828] AndroidManifest.xml:7:5-12:19
MERGED from [com.squareup.picasso:picasso:2.71828] AndroidManifest.xml:7:5-12:19
MERGED from [com.getbase:floatingactionbutton:1.10.1] AndroidManifest.xml:12:5-20
MERGED from [com.getbase:floatingactionbutton:1.10.1] AndroidManifest.xml:12:5-20
MERGED from [com.bluelinelabs:conductor-rxlifecycle2:2.1.5] AndroidManifest.xml:11:5-20
MERGED from [com.bluelinelabs:conductor-rxlifecycle2:2.1.5] AndroidManifest.xml:11:5-20
MERGED from [com.f2prateek.rx.preferences2:rx-preferences:2.0.0] AndroidManifest.xml:8:5-20
MERGED from [com.f2prateek.rx.preferences2:rx-preferences:2.0.0] AndroidManifest.xml:8:5-20
MERGED from [com.jakewharton.timber:timber:4.7.1] AndroidManifest.xml:7:5-20
MERGED from [com.jakewharton.timber:timber:4.7.1] AndroidManifest.xml:7:5-20
MERGED from [com.bluelinelabs:conductor:2.1.5] AndroidManifest.xml:11:5-20
MERGED from [com.bluelinelabs:conductor:2.1.5] AndroidManifest.xml:11:5-20
MERGED from [androidx.core:core:1.0.0-rc01] AndroidManifest.xml:22:5-89
MERGED from [androidx.core:core:1.0.0-rc01] AndroidManifest.xml:22:5-89
MERGED from [androidx.versionedparcelable:versionedparcelable:1.0.0-rc01] AndroidManifest.xml:22:5-23:19
MERGED from [androidx.versionedparcelable:versionedparcelable:1.0.0-rc01] AndroidManifest.xml:22:5-23:19
MERGED from [com.google.android.gms:play-services-ads-base:17.1.1] AndroidManifest.xml:7:5-20
MERGED from [com.google.android.gms:play-services-ads-base:17.1.1] AndroidManifest.xml:7:5-20
	android:appComponentFactory
		ADDED from [androidx.core:core:1.0.0-rc01] AndroidManifest.xml:22:18-86
	android:supportsRtl
		ADDED from src\main\AndroidManifest.xml:18:9-35
	android:label
		ADDED from src\main\AndroidManifest.xml:17:9-41
	android:fullBackupContent
		ADDED from src\main\AndroidManifest.xml:15:9-42
	tools:ignore
		ADDED from src\main\AndroidManifest.xml:20:9-64
	android:icon
		ADDED from src\main\AndroidManifest.xml:16:9-43
	android:allowBackup
		ADDED from src\main\AndroidManifest.xml:14:9-36
	android:theme
		ADDED from src\main\AndroidManifest.xml:19:9-40
	android:name
		ADDED from src\main\AndroidManifest.xml:13:9-38
meta-data#io.fabric.ApiKey
ADDED from src\main\AndroidManifest.xml:23:9-25:72
	android:value
		ADDED from src\main\AndroidManifest.xml:25:13-69
	android:name
		ADDED from src\main\AndroidManifest.xml:24:13-44
meta-data#com.google.android.gms.ads.APPLICATION_ID
ADDED from src\main\AndroidManifest.xml:26:9-28:69
	android:value
		ADDED from src\main\AndroidManifest.xml:28:13-67
	android:name
		ADDED from src\main\AndroidManifest.xml:27:13-69
meta-data#com.google.android.gms.car.application
ADDED from src\main\AndroidManifest.xml:29:9-31:59
	android:resource
		ADDED from src\main\AndroidManifest.xml:31:13-56
	android:name
		ADDED from src\main\AndroidManifest.xml:30:13-66
meta-data#com.google.android.gms.car.notification.SmallIcon
ADDED from src\main\AndroidManifest.xml:34:9-37:47
	android:resource
		ADDED from src\main\AndroidManifest.xml:36:13-57
	tools:ignore
		ADDED from src\main\AndroidManifest.xml:37:13-44
	android:name
		ADDED from src\main\AndroidManifest.xml:35:13-77
meta-data#com.google.android.gms.car.application.theme
ADDED from src\main\AndroidManifest.xml:40:9-42:66
	android:resource
		ADDED from src\main\AndroidManifest.xml:42:13-63
	android:name
		ADDED from src\main\AndroidManifest.xml:41:13-72
activity#de.ph1b.audiobook.features.coldStart.SplashActivity
ADDED from src\main\AndroidManifest.xml:44:9-58:20
	android:label
		ADDED from src\main\AndroidManifest.xml:47:13-45
	android:exported
		ADDED from src\main\AndroidManifest.xml:46:13-36
	android:theme
		ADDED from src\main\AndroidManifest.xml:48:13-51
	android:name
		ADDED from src\main\AndroidManifest.xml:45:13-62
intent-filter#action:name:android.intent.action.MAIN+category:name:android.intent.category.LAUNCHER
ADDED from src\main\AndroidManifest.xml:49:13-53:29
action#android.intent.action.MAIN
ADDED from src\main\AndroidManifest.xml:50:17-69
	android:name
		ADDED from src\main\AndroidManifest.xml:50:25-66
category#android.intent.category.LAUNCHER
ADDED from src\main\AndroidManifest.xml:52:17-77
	android:name
		ADDED from src\main\AndroidManifest.xml:52:27-74
meta-data#android.app.shortcuts
ADDED from src\main\AndroidManifest.xml:55:13-57:53
	android:resource
		ADDED from src\main\AndroidManifest.xml:57:17-50
	android:name
		ADDED from src\main\AndroidManifest.xml:56:17-53
activity#de.ph1b.audiobook.features.MainActivity
ADDED from src\main\AndroidManifest.xml:59:9-67:20
	android:label
		ADDED from src\main\AndroidManifest.xml:61:13-45
	android:name
		ADDED from src\main\AndroidManifest.xml:60:13-50
intent-filter#action:name:android.media.action.MEDIA_PLAY_FROM_SEARCH+category:name:android.intent.category.DEFAULT
ADDED from src\main\AndroidManifest.xml:62:13-66:29
action#android.media.action.MEDIA_PLAY_FROM_SEARCH
ADDED from src\main\AndroidManifest.xml:63:17-86
	android:name
		ADDED from src\main\AndroidManifest.xml:63:25-83
category#android.intent.category.DEFAULT
ADDED from src\main\AndroidManifest.xml:65:17-76
	android:name
		ADDED from src\main\AndroidManifest.xml:65:27-73
activity#de.ph1b.audiobook.features.externalStorageMissing.NoExternalStorageActivity
ADDED from src\main\AndroidManifest.xml:68:9-70:76
	android:label
		ADDED from src\main\AndroidManifest.xml:70:13-73
	android:name
		ADDED from src\main\AndroidManifest.xml:69:13-86
activity#de.ph1b.audiobook.features.folderChooser.FolderChooserActivity
ADDED from src\main\AndroidManifest.xml:71:9-77:20
	android:parentActivityName
		ADDED from src\main\AndroidManifest.xml:73:13-64
	android:name
		ADDED from src\main\AndroidManifest.xml:72:13-73
meta-data#android.support.PARENT_ACTIVITY
ADDED from src\main\AndroidManifest.xml:74:13-76:58
	android:value
		ADDED from src\main\AndroidManifest.xml:76:17-55
	android:name
		ADDED from src\main\AndroidManifest.xml:75:17-63
service#de.ph1b.audiobook.playback.PlaybackService
ADDED from src\main\AndroidManifest.xml:79:9-86:19
	android:exported
		ADDED from src\main\AndroidManifest.xml:81:13-36
	tools:ignore
		ADDED from src\main\AndroidManifest.xml:82:13-43
	android:name
		ADDED from src\main\AndroidManifest.xml:80:13-53
intent-filter#action:name:android.media.browse.MediaBrowserService
ADDED from src\main\AndroidManifest.xml:83:13-85:29
action#android.media.browse.MediaBrowserService
ADDED from src\main\AndroidManifest.xml:84:17-83
	android:name
		ADDED from src\main\AndroidManifest.xml:84:25-80
receiver#de.ph1b.audiobook.playback.events.MediaEventReceiver
ADDED from src\main\AndroidManifest.xml:88:9-92:20
	android:name
		ADDED from src\main\AndroidManifest.xml:88:19-69
intent-filter#action:name:android.intent.action.MEDIA_BUTTON
ADDED from src\main\AndroidManifest.xml:89:13-91:29
action#android.intent.action.MEDIA_BUTTON
ADDED from src\main\AndroidManifest.xml:90:17-77
	android:name
		ADDED from src\main\AndroidManifest.xml:90:25-74
receiver#de.ph1b.audiobook.features.widget.BaseWidgetProvider
ADDED from src\main\AndroidManifest.xml:93:9-104:20
	android:label
		ADDED from src\main\AndroidManifest.xml:96:13-45
	android:icon
		ADDED from src\main\AndroidManifest.xml:95:13-47
	android:name
		ADDED from src\main\AndroidManifest.xml:94:13-63
intent-filter#action:name:android.appwidget.action.APPWIDGET_UPDATE
ADDED from src\main\AndroidManifest.xml:97:13-99:29
action#android.appwidget.action.APPWIDGET_UPDATE
ADDED from src\main\AndroidManifest.xml:98:17-84
	android:name
		ADDED from src\main\AndroidManifest.xml:98:25-81
meta-data#android.appwidget.provider
ADDED from src\main\AndroidManifest.xml:101:13-103:55
	android:resource
		ADDED from src\main\AndroidManifest.xml:103:17-52
	android:name
		ADDED from src\main\AndroidManifest.xml:102:17-58
provider#androidx.core.content.FileProvider
ADDED from src\main\AndroidManifest.xml:106:9-114:20
	android:grantUriPermissions
		ADDED from src\main\AndroidManifest.xml:110:13-47
	android:authorities
		ADDED from src\main\AndroidManifest.xml:108:13-66
	android:exported
		ADDED from src\main\AndroidManifest.xml:109:13-37
	android:name
		ADDED from src\main\AndroidManifest.xml:107:13-62
meta-data#android.support.FILE_PROVIDER_PATHS
ADDED from src\main\AndroidManifest.xml:111:13-113:55
	android:resource
		ADDED from src\main\AndroidManifest.xml:113:17-52
	android:name
		ADDED from src\main\AndroidManifest.xml:112:17-67
activity#de.ph1b.audiobook.Search
ADDED from src\main\AndroidManifest.xml:116:9-53
	android:name
		ADDED from src\main\AndroidManifest.xml:116:19-41
uses-sdk
INJECTED from src\main\AndroidManifest.xml reason: use-sdk injection requested
INJECTED from src\main\AndroidManifest.xml
INJECTED from src\main\AndroidManifest.xml
MERGED from [:core] AndroidManifest.xml:5:5-7:41
MERGED from [:core] AndroidManifest.xml:5:5-7:41
MERGED from [:data] AndroidManifest.xml:5:5-7:41
MERGED from [:data] AndroidManifest.xml:5:5-7:41
MERGED from [:common] AndroidManifest.xml:5:5-7:41
MERGED from [:common] AndroidManifest.xml:5:5-7:41
MERGED from [:covercolorextractor] AndroidManifest.xml:5:5-7:41
MERGED from [:covercolorextractor] AndroidManifest.xml:5:5-7:41
MERGED from [com.afollestad.material-dialogs:core:0.9.6.0] AndroidManifest.xml:8:5-11:75
MERGED from [com.afollestad.material-dialogs:core:0.9.6.0] AndroidManifest.xml:8:5-11:75
MERGED from [com.afollestad:material-cab:0.1.12] AndroidManifest.xml:8:5-10:41
MERGED from [com.afollestad:material-cab:0.1.12] AndroidManifest.xml:8:5-10:41
MERGED from [com.google.dagger:dagger-android-support:2.16] AndroidManifest.xml:20:5-44
MERGED from [com.google.dagger:dagger-android-support:2.16] AndroidManifest.xml:20:5-44
MERGED from [com.getkeepsafe.taptargetview:taptargetview:1.12.0] AndroidManifest.xml:6:5-44
MERGED from [com.getkeepsafe.taptargetview:taptargetview:1.12.0] AndroidManifest.xml:6:5-44
MERGED from [me.zhanghai.android.materialprogressbar:library:1.4.2] AndroidManifest.xml:12:5-14:41
MERGED from [me.zhanghai.android.materialprogressbar:library:1.4.2] AndroidManifest.xml:12:5-14:41
MERGED from [com.google.android.material:material:1.0.0-rc01] AndroidManifest.xml:20:5-44
MERGED from [com.google.android.material:material:1.0.0-rc01] AndroidManifest.xml:20:5-44
MERGED from [androidx.mediarouter:mediarouter:1.0.0-alpha5] AndroidManifest.xml:20:5-44
MERGED from [androidx.mediarouter:mediarouter:1.0.0-alpha5] AndroidManifest.xml:20:5-44
MERGED from [androidx.appcompat:appcompat:1.0.0-rc01] AndroidManifest.xml:20:5-44
MERGED from [androidx.appcompat:appcompat:1.0.0-rc01] AndroidManifest.xml:20:5-44
MERGED from [androidx.recyclerview:recyclerview:1.0.0-rc01] AndroidManifest.xml:20:5-44
MERGED from [androidx.recyclerview:recyclerview:1.0.0-rc01] AndroidManifest.xml:20:5-44
MERGED from [androidx.transition:transition:1.0.0-rc01] AndroidManifest.xml:20:5-44
MERGED from [androidx.transition:transition:1.0.0-rc01] AndroidManifest.xml:20:5-44
MERGED from [androidx.constraintlayout:constraintlayout:1.1.2] AndroidManifest.xml:5:5-7:41
MERGED from [androidx.constraintlayout:constraintlayout:1.1.2] AndroidManifest.xml:5:5-7:41
MERGED from [com.bluelinelabs:conductor-support:2.1.5] AndroidManifest.xml:7:5-9:41
MERGED from [com.bluelinelabs:conductor-support:2.1.5] AndroidManifest.xml:7:5-9:41
MERGED from [com.google.android.gms:play-services-ads:17.1.1] AndroidManifest.xml:21:5-23:52
MERGED from [com.google.android.gms:play-services-ads:17.1.1] AndroidManifest.xml:21:5-23:52
MERGED from [com.google.android.gms:play-services-ads-identifier:16.0.0] AndroidManifest.xml:20:5-44
MERGED from [com.google.android.gms:play-services-ads-identifier:16.0.0] AndroidManifest.xml:20:5-44
MERGED from [com.google.android.gms:play-services-ads-lite:17.1.1] AndroidManifest.xml:20:5-44
MERGED from [com.google.android.gms:play-services-ads-lite:17.1.1] AndroidManifest.xml:20:5-44
MERGED from [com.google.android.gms:play-services-gass:17.1.1] AndroidManifest.xml:5:5-44
MERGED from [com.google.android.gms:play-services-gass:17.1.1] AndroidManifest.xml:5:5-44
MERGED from [com.google.android.gms:play-services-measurement-sdk-api:16.0.3] AndroidManifest.xml:20:5-44
MERGED from [com.google.android.gms:play-services-measurement-sdk-api:16.0.3] AndroidManifest.xml:20:5-44
MERGED from [com.google.android.gms:play-services-measurement-base:16.0.4] AndroidManifest.xml:5:5-44
MERGED from [com.google.android.gms:play-services-measurement-base:16.0.4] AndroidManifest.xml:5:5-44
MERGED from [com.google.android.gms:play-services-basement:16.0.1] AndroidManifest.xml:20:5-44
MERGED from [com.google.android.gms:play-services-basement:16.0.1] AndroidManifest.xml:20:5-44
MERGED from [androidx.legacy:legacy-support-v4:1.0.0-rc01] AndroidManifest.xml:20:5-44
MERGED from [androidx.legacy:legacy-support-v4:1.0.0-rc01] AndroidManifest.xml:20:5-44
MERGED from [androidx.media2:media2:1.0.0-alpha02] AndroidManifest.xml:20:5-44
MERGED from [androidx.media2:media2:1.0.0-alpha02] AndroidManifest.xml:20:5-44
MERGED from [androidx.media:media:1.0.0-rc01] AndroidManifest.xml:20:5-44
MERGED from [androidx.media:media:1.0.0-rc01] AndroidManifest.xml:20:5-44
MERGED from [androidx.fragment:fragment:1.0.0-rc01] AndroidManifest.xml:20:5-44
MERGED from [androidx.fragment:fragment:1.0.0-rc01] AndroidManifest.xml:20:5-44
MERGED from [com.squareup.picasso:picasso:2.71828] AndroidManifest.xml:5:5-44
MERGED from [com.squareup.picasso:picasso:2.71828] AndroidManifest.xml:5:5-44
MERGED from [com.getbase:floatingactionbutton:1.10.1] AndroidManifest.xml:8:5-10:41
MERGED from [com.getbase:floatingactionbutton:1.10.1] AndroidManifest.xml:8:5-10:41
MERGED from [com.google.dagger:dagger-android:2.16] AndroidManifest.xml:20:5-44
MERGED from [com.google.dagger:dagger-android:2.16] AndroidManifest.xml:20:5-44
MERGED from [androidx.core:core-ktx:1.0.0-rc01] AndroidManifest.xml:5:5-44
MERGED from [androidx.core:core-ktx:1.0.0-rc01] AndroidManifest.xml:5:5-44
MERGED from [com.bluelinelabs:conductor-rxlifecycle2:2.1.5] AndroidManifest.xml:7:5-9:41
MERGED from [com.bluelinelabs:conductor-rxlifecycle2:2.1.5] AndroidManifest.xml:7:5-9:41
MERGED from [com.trello.rxlifecycle2:rxlifecycle-android:2.2.1] AndroidManifest.xml:17:5-44
MERGED from [com.trello.rxlifecycle2:rxlifecycle-android:2.2.1] AndroidManifest.xml:17:5-44
MERGED from [io.reactivex.rxjava2:rxandroid:2.1.0] AndroidManifest.xml:18:5-43
MERGED from [io.reactivex.rxjava2:rxandroid:2.1.0] AndroidManifest.xml:18:5-43
MERGED from [com.f2prateek.rx.preferences2:rx-preferences:2.0.0] AndroidManifest.xml:6:5-43
MERGED from [com.f2prateek.rx.preferences2:rx-preferences:2.0.0] AndroidManifest.xml:6:5-43
MERGED from [androidx.room:room-rxjava2:2.0.0-rc01] AndroidManifest.xml:20:5-44
MERGED from [androidx.room:room-rxjava2:2.0.0-rc01] AndroidManifest.xml:20:5-44
MERGED from [com.jakewharton.timber:timber:4.7.1] AndroidManifest.xml:5:5-43
MERGED from [com.jakewharton.timber:timber:4.7.1] AndroidManifest.xml:5:5-43
MERGED from [com.github.PaulWoitaschek.ExoPlayer-Extensions:flac:2.7.0-1] AndroidManifest.xml:23:5-25:41
MERGED from [com.github.PaulWoitaschek.ExoPlayer-Extensions:flac:2.7.0-1] AndroidManifest.xml:23:5-25:41
MERGED from [com.github.PaulWoitaschek.ExoPlayer-Extensions:opus:2.7.0-1] AndroidManifest.xml:23:5-25:41
MERGED from [com.github.PaulWoitaschek.ExoPlayer-Extensions:opus:2.7.0-1] AndroidManifest.xml:23:5-25:41
MERGED from [com.google.android.exoplayer:exoplayer-core:2.8.4] AndroidManifest.xml:20:5-22:41
MERGED from [com.google.android.exoplayer:exoplayer-core:2.8.4] AndroidManifest.xml:20:5-22:41
MERGED from [com.bluelinelabs:conductor:2.1.5] AndroidManifest.xml:7:5-9:41
MERGED from [com.bluelinelabs:conductor:2.1.5] AndroidManifest.xml:7:5-9:41
MERGED from [androidx.room:room-runtime:2.0.0-rc01] AndroidManifest.xml:20:5-44
MERGED from [androidx.room:room-runtime:2.0.0-rc01] AndroidManifest.xml:20:5-44
MERGED from [androidx.palette:palette:1.0.0-rc01] AndroidManifest.xml:20:5-44
MERGED from [androidx.palette:palette:1.0.0-rc01] AndroidManifest.xml:20:5-44
MERGED from [androidx.vectordrawable:vectordrawable-animated:1.0.0-rc01] AndroidManifest.xml:20:5-44
MERGED from [androidx.vectordrawable:vectordrawable-animated:1.0.0-rc01] AndroidManifest.xml:20:5-44
MERGED from [androidx.browser:browser:1.0.0-rc01] AndroidManifest.xml:20:5-44
MERGED from [androidx.browser:browser:1.0.0-rc01] AndroidManifest.xml:20:5-44
MERGED from [androidx.legacy:legacy-support-core-ui:1.0.0-rc01] AndroidManifest.xml:20:5-44
MERGED from [androidx.legacy:legacy-support-core-ui:1.0.0-rc01] AndroidManifest.xml:20:5-44
MERGED from [androidx.legacy:legacy-support-core-utils:1.0.0-rc01] AndroidManifest.xml:20:5-44
MERGED from [androidx.legacy:legacy-support-core-utils:1.0.0-rc01] AndroidManifest.xml:20:5-44
MERGED from [androidx.vectordrawable:vectordrawable:1.0.0-rc01] AndroidManifest.xml:20:5-44
MERGED from [androidx.vectordrawable:vectordrawable:1.0.0-rc01] AndroidManifest.xml:20:5-44
MERGED from [androidx.loader:loader:1.0.0-rc01] AndroidManifest.xml:20:5-44
MERGED from [androidx.loader:loader:1.0.0-rc01] AndroidManifest.xml:20:5-44
MERGED from [androidx.viewpager:viewpager:1.0.0-rc01] AndroidManifest.xml:20:5-44
MERGED from [androidx.viewpager:viewpager:1.0.0-rc01] AndroidManifest.xml:20:5-44
MERGED from [androidx.coordinatorlayout:coordinatorlayout:1.0.0-rc01] AndroidManifest.xml:20:5-44
MERGED from [androidx.coordinatorlayout:coordinatorlayout:1.0.0-rc01] AndroidManifest.xml:20:5-44
MERGED from [androidx.drawerlayout:drawerlayout:1.0.0-rc01] AndroidManifest.xml:20:5-44
MERGED from [androidx.drawerlayout:drawerlayout:1.0.0-rc01] AndroidManifest.xml:20:5-44
MERGED from [androidx.slidingpanelayout:slidingpanelayout:1.0.0-rc01] AndroidManifest.xml:20:5-44
MERGED from [androidx.slidingpanelayout:slidingpanelayout:1.0.0-rc01] AndroidManifest.xml:20:5-44
MERGED from [androidx.customview:customview:1.0.0-rc01] AndroidManifest.xml:20:5-44
MERGED from [androidx.customview:customview:1.0.0-rc01] AndroidManifest.xml:20:5-44
MERGED from [androidx.swiperefreshlayout:swiperefreshlayout:1.0.0-rc01] AndroidManifest.xml:20:5-44
MERGED from [androidx.swiperefreshlayout:swiperefreshlayout:1.0.0-rc01] AndroidManifest.xml:20:5-44